    41.33221 
    16.04640 
    23.56771 
    46.25061 
    76.06200 
    35.85710 
    67.00817 
    96.71164 
    76.67223 
    51.68274 
     2.36451 
     1.90317 
     4.14315 
     2.72699 
     3.24555 
     1.35431 
     3.83034 
    10.83651 
    12.28557 
     3.58785 
     7.59042 
    18.06728 
     2.04983 
    25.87600 
    10.60637 
    19.41218 
    19.00105 
     3.41847 
     1.82665 
     6.42943 
     5.72521 
     5.19984 
     4.52817 
    14.48905 
     7.17844 
     4.14641 
    16.36043 
     5.98739 
    12.89345 
    37.14039 
    18.43130 
    19.38421 
    26.81543 
    29.69131 
    29.03317 
    33.52046 
    11.40093 
     1.41782 
     4.14469 
     2.70040 
     0.41514 
    56.07537 
    21.12447 
     0.47522 
     0.24600 
     0.15241 
     0.84166 
    67.87158 
     2.92682 
     1.33613 
     0.14028 
     0.75303 
    16.22376 
     1.01857 
    35.00865 
     7.04025 
     0.76145 
     0.27651 
     0.25981 
     1.42948 
     0.37315 
    55.81607 
     1.32247 
     0.51327 
    71.27708 
     0.67611 
    48.96067 
     0.18644 
     0.98622 
    37.64249 
     0.36979 
     0.25917 
     0.06444 
     0.52990 
     1.96791 
     1.57419 
    32.69286 
     0.59233 
     0.70691 
     4.75657 
     5.89743 
     0.56540 
     0.80034 
     1.34495 
    25.74413 
     0.41779 
     6.54561 
     1.18525 
    28.28824 
   101.70943 
     3.73277 
     0.25270 
     0.51984 
    25.38745 
     4.72905 
     0.22913 
     0.10996 
     6.80667 
     0.08654 
     7.14191 
     0.74960 
    18.19822 
     0.39557 
    12.80122 
     0.19965 
     0.83652 
    12.88196 
    25.18642 
     0.08603 
     0.28449 
     5.91312 
     0.65091 
    22.95383 
    14.68351 
     0.45936 
     0.82106 
     0.05552 
     0.36607 
    20.15752 
    23.32537 
     0.78632 
     0.67541 
    15.43366 
     3.43097 
     0.66236 
     1.61274 
    12.92597 
     1.01070 
     0.04990 
   170.86128 
     1.37687 
    26.14773 
     3.54847 
     0.83977 
    18.93688 
    18.09369 
     3.26058 
     0.86825 
     0.26581 
     0.56851 
    18.82279 
     3.17156 
     5.63603 
    14.98019 
     0.08708 
     0.48265 
    16.46172 
     9.09389 
     0.79769 
   146.71997 
     1.23522 
     0.07032 
    24.66419 
    37.26297 
    27.21027 
    17.62110 
     0.19974 
    36.83128 
    40.61136 
     0.05259 
    42.68011 
     5.22785 
    14.92220 
    59.65379 
    32.87492 
     7.97203 
     0.07643 
    23.83652 
    50.13961 
    20.59605 
     0.04619 
    54.59486 
     0.18882 
     0.09312 
     0.65703 
     2.97238 
    29.38729 
    16.50211 
    10.57549 
   527.67512 
     0.15659 
     7.07956 
     5.48570 
     0.02960 
   112.63696 
     4.50991 
     5.30876 
     9.61329 
     0.05601 
     0.40742 
     8.25279 
     2.32135 
     3.43168 
     0.06324 
     5.85966 
     0.12548 
     9.18782 
     8.86310 
   171.32467 
     8.39904 
     9.60466 
     0.06049 
    12.14103 
    12.45078 
     0.25471 
     6.24926 
     4.65339 
     0.42282 
     0.06819 
     0.20827 
    78.49450 
     7.24036 
    10.84081 
     9.44644 
     1.08908 
    18.78077 
     8.97731 
     4.54039 
     0.15430 
     0.15770 
     9.17935 
    10.98516 
     0.05673 
    12.12136 
    11.41300 
     0.25660 
   157.71653 
     0.21414 
    14.19215 
    17.64602 
     0.17781 
    12.41075 
    16.94702 
     7.90296 
     0.06897 
     0.34001 
    12.07892 
     5.89655 
    17.36521 
    21.00588 
     0.09565 
     0.26006 
    16.56948 
    16.79912 
    10.74349 
     8.72441 
    31.13971 
     0.23132 
    15.41860 
     0.08552 
    11.05793 
    13.95553 
    16.65183 
     0.15423 
     6.00935 
     0.33680 
     0.15197 
    25.52298 
     0.44485 
    10.93537 
    22.12524 
    21.54098 
     0.14709 
     0.08416 
   430.75461 
    17.98028 
    76.74575 
     5.81944 
     0.12376 
     0.06900 
   183.42696 
     6.20761 
     3.48131 
    41.96452 
     8.65126 
    10.33056 
    21.37336 
     0.05081 
   152.56725 
     0.61603 
     0.06752 
     8.58307 
     0.12073 
   407.89693 
     7.72745 
    10.64680 
    14.15228 
    40.89183 
     0.05920 
    21.04942 
    16.25135 
    12.33138 
     0.13629 
    10.51086 
    94.38337 
     0.27413 
    11.88328 
     0.20505 
    23.73282 
    15.19120 
     0.02171 
     9.67004 
    16.97959 
     0.15909 
     0.17519 
    12.99785 
     7.16135 
    88.32038 
    33.27053 
     9.02992 
     0.12835 
     0.26500 
     0.03395 
    33.35579 
    18.42128 
     0.23320 
     6.75600 
     0.11662 
     0.20524 
     5.01872 
     9.40410 
     0.26926 
    46.36715 
    15.05831 
     4.29405 
    14.75573 
     0.12555 
     0.02314 
     0.38831 
     7.02801 
     0.18544 
     0.33786 
     0.19023 
    13.31254 
    11.22901 
     0.27897 
    33.24820 
     0.19655 
    33.54490 
    10.18424 
     0.28165 
     0.06859 
     0.30997 
     4.48117 
     0.04337 
    53.04025 
     0.20868 
    12.55448 
     6.19510 
    23.56474 
     0.25075 
     0.28005 
    32.52557 
     9.26760 
     7.97757 
     0.15124 
    10.23385 
    13.71771 
     0.14831 
    48.39669 
    32.96893 
    10.16213 
    10.56296 
    33.05754 
     0.42093 
    14.58948 
    45.39092 
    10.05131 
    35.05140 
    22.30204 
    15.02417 
    24.75765 
    15.28722 
     5.51771 
    10.54818 
    25.64493 
     0.01678 
    47.59187 
    19.32895 
    25.44001 
    17.79069 
    15.95760 
    23.65631 
    12.36268 
     0.07989 
    19.83006 
    24.03282 
    31.97906 
    19.16429 
     7.45452 
     9.48387 
     9.30564 
    21.41436 
    15.70396 
    12.42354 
     0.12041 
    16.71788 
     2.63901 
     7.81703 
    87.89813 
    15.43978 
    37.24598 
    16.51108 
     0.16456 
     5.72241 
    25.50013 
     9.45406 
     8.35991 
    14.33417 
     8.88718 
    23.75835 
    19.57917 
    13.36259 
     5.29521 
    13.08137 
     7.22875 
     7.77637 
    11.64606 
    50.81616 
     9.31701 
    10.24116 
    20.07249 
    18.95244 
    12.19335 
     6.60516 
     0.24323 
     0.12186 
    13.19963 
    24.60177 
    18.99123 
     8.27133 
     2.98928 
    16.35874 
    12.02497 
    11.75927 
    50.46023 
    11.73676 
     3.74366 
    14.96015 
    13.19294 
   289.40572 
    15.33460 
     5.52875 
    12.06638 
    14.70620 
     3.61491 
    22.16319 
    14.06858 
    10.78807 
    19.30602 
     0.08010 
     9.94933 
    27.38999 
     7.52977 
     0.03119 
    12.96401 
    22.98208 
    32.56903 
     4.81103 
    19.90050 
    65.29716 
     6.68857 
     0.07644 
    11.48021 
    12.88726 
     5.10417 
    11.07499 
     9.37676 
    14.07292 
     3.79138 
    11.62017 
    10.18156 
    57.57341 
     0.08480 
     6.09085 
    11.63732 
     6.41970 
    25.79107 
     0.07637 
    13.54970 
    95.80422 
    17.89669 
     7.07306 
     4.66264 
     6.03948 
    25.03173 
    15.53988 
     4.50042 
    24.68781 
     5.86105 
    28.28174 
     9.13262 
     0.08838 
     3.18761 
    21.41840 
    13.88471 
     6.37690 
    40.44683 
     7.97928 
     0.05695 
     4.71977 
    19.59990 
     6.33403 
    15.00737 
     6.00580 
    10.46142 
    23.31689 
    11.10433 
     0.10555 
    28.30355 
     4.66506 
    12.52510 
     4.55510 
     4.22268 
     7.48130 
    29.42515 
     9.86982 
    45.17672 
    20.66161 
    10.36928 
     7.29699 
    29.23715 
    13.90969 
     0.10631 
     4.24691 
    15.79708 
     8.19811 
     5.60944 
     3.84563 
     0.09628 
    14.51407 
     9.49890 
    44.90641 
     7.93922 
    10.22243 
     1.99048 
    28.75476 
    20.20039 
     8.50794 
    17.41545 
    21.44278 
    10.37294 
     7.05831 
    46.13193 
    19.26267 
    15.88079 
    39.09050 
     4.40941 
     0.09468 
    30.04834 
    23.13516 
     0.08936 
     5.46994 
     3.77883 
     3.38197 
     7.10204 
    11.06352 
    57.70743 
     4.01462 
     5.32579 
     0.12869 
     4.49974 
     8.05849 
     4.84552 
     4.17744 
    19.65144 
    17.25046 
    35.37834 
    14.37848 
    15.76688 
     0.18521 
    44.07541 
     8.97635 
    16.17881 
    56.96112 
     3.79156 
    13.95510 
     3.33553 
     0.16760 
     3.77447 
    16.84640 
     4.97522 
     4.67754 
     2.96092 
    11.54430 
    20.81494 
     7.91358 
    38.04936 
     0.07904 
     3.59433 
    99.16865 
    20.59002 
     0.18456 
    16.95816 
    10.33852 
     5.14532 
    27.66434 
     6.48177 
     2.03956 
    15.61779 
    35.46958 
     4.04753 
     0.12769 
    13.80297 
    36.93742 
     2.05497 
     4.39429 
    35.97362 
    26.47255 
     9.75761 
    21.74244 
     4.98926 
    10.18038 
    24.99458 
     6.89695 
    18.71024 
     3.54397 
    15.43662 
     7.39765 
    11.21996 
     9.67172 
     0.36626 
    13.96304 
     1.72882 
    21.67294 
     3.99263 
    16.20121 
     8.00499 
     6.06085 
     6.36804 
     7.11587 
    32.64301 
    15.40472 
     0.06484 
     9.08237 
     4.45956 
    11.50514 
    16.65492 
    41.52172 
    13.98883 
     6.25672 
    15.95997 
     8.32316 
    11.96243 
    18.92427 
    19.77663 
    35.32115 
     5.32665 
     3.61607 
     8.85051 
     9.87520 
     0.05234 
    10.94078 
     9.61885 
     6.54986 
    22.09671 
     5.64646 
    10.36362 
    20.47378 
    16.02904 
     8.48194 
    10.04713 
     6.73264 
     7.12494 
    17.01470 
    15.40564 
     0.06967 
     8.34977 
     4.59305 
    14.61583 
    43.00471 
    15.02339 
    22.69234 
     6.79997 
    14.47406 
     5.79740 
     0.09004 
    10.84796 
    12.36536 
    13.03279 
    26.17918 
    10.94775 
     5.70677 
    16.49561 
     5.54353 
     8.98740 
    15.08593 
    14.09761 
    14.10863 
     6.50347 
    12.15033 
    17.71812 
     0.05449 
     4.70346 
    26.33433 
   230.71714 
    12.68927 
     4.49404 
     6.80032 
     7.91259 
    16.77051 
    11.93293 
    16.35939 
    12.56106 
    11.89486 
    12.41343 
     6.72251 
    29.89426 
    55.76838 
     9.67103 
    19.18992 
     9.60282 
     0.19506 
     9.56565 
    18.08170 
    21.30916 
    13.34072 
    23.15368 
    11.21735 
    17.70592 
    14.70897 
     9.81007 
     7.42938 
    11.29496 
    34.70664 
    19.21086 
    12.13719 
    11.00576 
    15.03734 
     7.44940 
    25.20131 
     8.51312 
    38.56103 
     0.13936 
    10.54171 
     2.93341 
    16.39731 
    11.15870 
     8.23827 
    33.85123 
     7.37652 
    13.25982 
     9.40830 
    14.44125 
    19.66683 
    15.34430 
    15.06878 
     8.39598 
    14.46420 
     0.16549 
    26.59994 
     8.34204 
    18.67745 
    25.91867 
     8.72210 
     8.52283 
   250.12032 
    14.51288 
    14.07066 
    12.88919 
    16.48702 
    12.47851 
     0.23673 
    11.13799 
    13.01765 
    15.65678 
    17.87976 
     6.60491 
    14.98848 
    12.91088 
    19.57696 
   105.53004 
    22.11777 
    14.64946 
    15.01084 
    16.13802 
    16.17216 
    23.12206 
   113.43710 
     9.60282 
    13.61475 
    13.61769 
     0.06807 
    16.06495 
     5.85947 
    23.06112 
    14.06385 
    22.65979 
   157.56474 
     9.30590 
    11.15933 
     0.14750 
    19.30921 
   125.31685 
    11.04023 
     8.04914 
     6.41965 
    13.13588 
    82.22997 
    14.37325 
    51.25617 
     0.06712 
    25.55538 
    23.94967 
    11.13505 
    18.13787 
    15.16823 
    13.01015 
    25.72816 
    37.85322 
    10.14192 
    16.32838 
    27.31298 
     9.93600 
    11.32932 
    16.52689 
     8.55379 
     0.04747 
     9.06949 
    10.61990 
    73.90230 
    14.89931 
    10.09078 
     7.42500 
    12.93089 
     6.30734 
     4.16098 
    46.64396 
    18.80764 
    13.70655 
    29.27255 
    27.44985 
     8.97454 
     7.29268 
     0.12427 
    21.92099 
    20.28744 
    17.03449 
     7.42046 
    10.26873 
     0.03510 
    13.75333 
    14.29228 
     0.07679 
    20.80518 
    10.23259 
    10.09787 
     0.13327 
     9.91266 
    84.58502 
    10.04134 
     0.06841 
    13.99898 
     0.18230 
    12.07961 
    10.46418 
     8.09859 
    16.19055 
    30.98194 
     0.11602 
    12.10101 
     0.22919 
     4.47080 
    12.60908 
     0.08941 
     6.13086 
     0.07802 
    12.95260 
    13.26484 
     9.89157 
     0.08688 
    13.07392 
     6.20496 
    16.62845 
     0.10996 
     0.08020 
    17.37741 
     0.14030 
    44.85439 
     4.66514 
    10.35448 
     2.04536 
    46.17276 
     0.02797 
     0.14661 
     7.34557 
    13.55674 
     0.07431 
     7.01651 
     5.82831 
    17.83930 
     0.09578 
    10.32210 
     7.54801 
     7.39334 
     0.09539 
     0.12456 
     7.69911 
     0.21964 
    12.15385 
     0.06254 
     5.33729 
    21.11328 
     4.78746 
    25.97485 
     0.08040 
    14.25059 
     0.34117 
     5.33108 
    10.20725 
     0.13757 
    60.71316 
     0.38999 
     5.79450 
     8.72649 
     4.75572 
     0.51765 
     6.37612 
     0.67278 
     6.98420 
     0.17507 
    45.22392 
     4.08939 
     9.09642 
     6.55158 
    14.28135 
     0.36779 
     8.07914 
     3.85632 
     0.18591 
    34.88754 
    10.98548 
     0.06882 
    17.23107 
     7.79362 
     0.51077 
     0.31793 
     7.74535 
    11.50163 
     0.62290 
    35.76010 
    10.82662 
     0.05156 
     0.23605 
     8.49997 
     9.05796 
     6.09127 
     0.17617 
     5.66625 
    19.88692 
    13.98324 
     0.17716 
     0.13723 
     7.59961 
     0.28078 
     6.90842 
    12.85291 
    14.90755 
    15.28520 
     0.29534 
     5.30355 
    18.56555 
    23.93410 
     0.07612 
    11.39157 
    18.78108 
     0.27663 
    15.79342 
     4.72391 
     0.19876 
    10.37017 
    12.81026 
     0.26311 
     4.48583 
     0.19020 
     0.07992 
     0.42366 
     9.35791 
     1.73358 
    11.09436 
     9.22240 
     5.19257 
    15.75273 
     7.42514 
     0.45780 
     7.74080 
    12.85500 
     5.65081 
    10.24203 
     0.12308 
    13.74503 
     7.64272 
    13.22117 
     2.33075 
     0.05094 
    19.01002 
     2.72200 
    31.29575 
    12.25381 
     5.69967 
     4.20292 
     0.06287 
    10.47118 
    16.53811 
     2.12432 
     9.63702 
    16.97175 
     0.07229 
    23.63648 
     8.01103 
   241.03493 
     7.39073 
     4.82842 
     8.30538 
     0.10043 
    12.18325 
     7.86905 
     0.08370 
    11.22207 
    21.24256 
    12.07880 
    21.50330 
     9.34803 
     0.07734 
     2.02090 
     9.33270 
     8.57767 
     0.12548 
     3.72377 
    16.04749 
     6.16733 
     0.10499 
     8.23304 
    23.33807 
    11.54200 
    17.74023 
     6.45355 
     5.40107 
     0.13670 
    12.91070 
     0.11349 
     3.82401 
     4.62802 
    12.29176 
     0.11504 
     6.45676 
     0.19788 
    10.28724 
     5.46596 
     0.09480 
     8.67461 
     6.41665 
     0.07506 
    10.33930 
     0.07907 
     7.52671 
     6.15401 
     0.08868 
     3.10778 
     0.15359 
     7.56165 
     0.17471 
     7.43047 
     0.06906 
     0.13367 
     5.60850 
     4.17005 
     8.00186 
     3.10517 
     5.02783 
     6.82017 
     4.10708 
    11.57105 
     4.01786 
    12.36079 
    13.29410 
     1.99173 
     4.64455 
     4.35831 
     2.90076 
     2.00156 
     5.49025 
     3.50909 
     5.17538 
     7.36733 
     4.53679 
     9.17846 
     9.61200 
     1.35393 
     6.97097 
     4.77019 
     6.20088 
     5.49367 
     5.35936 
     3.95942 
     6.53913 
     8.76827 
     5.40982 
     5.39870 
     6.30490 
     5.07113 
    30.28084 
     4.51734 
     6.29619 
     7.10764 
     2.39145 
    49.32235 
    18.02411 
     8.17372 
    32.14008 
    65.04688 
    59.25066 
    15.17652 
   121.44102 
     7.71084 
     6.40116 
    18.36167 
    20.28291 
     3.48962 
    20.84532 
    17.50022 
     8.87831 
    17.58014 
    11.70300 
    10.41060 
    98.97570 
    14.57374 
     4.28338 
    11.31168 
    14.34826 
     4.30396 
     5.47612 
     4.81042 
     9.69845 
    12.17412 
     9.30075 
    14.31520 
    13.90495 
    10.67539 
    17.18906 
    16.74148 
    26.84575 
    18.89821 
    49.94240 
    35.57629 
    18.88104 
     8.04533 
    10.07307 
    15.31187 
    12.71490 
    10.22864 
    12.33576 
     9.11029 
    23.70142 
    20.85384 
    11.81031 
    18.92178 
    15.00832 
    13.89234 
    10.80976 
    21.39999 
    15.11853 
