    58.71058 
    66.50330 
     3.38859 
     2.93930 
     6.99427 
     3.13757 
     4.06250 
     6.90749 
     6.61885 
     2.24820 
     5.62283 
    10.56856 
     2.58236 
    10.50680 
     8.27258 
     8.19347 
    12.77580 
    11.30316 
     6.55522 
     9.22880 
    11.05348 
     5.42625 
    19.66712 
    51.09940 
    36.77542 
    31.60787 
    18.06546 
     0.04312 
     0.00731 
     0.02690 
     0.05617 
     0.03340 
     0.03119 
     5.44688 
     2.17029 
     1.19236 
     0.72102 
     0.78624 
     0.52193 
     0.28947 
     0.06265 
     0.02109 
     0.31667 
     0.36293 
     0.21800 
     0.23661 
     0.16909 
     0.35988 
     0.21843 
     0.16848 
     0.02217 
     0.06073 
     0.02503 
     0.06213 
     0.04874 
     0.02721 
     0.04254 
     0.08019 
     0.05528 
     0.03612 
     0.11219 
     0.07960 
     0.05712 
     0.07143 
     0.06427 
     0.03987 
     0.10848 
     0.11038 
     0.14652 
     0.07676 
     0.07245 
     0.07208 
     0.04490 
     0.03519 
     0.08544 
     0.05406 
     0.07321 
     0.05211 
     0.02740 
     0.06328 
     0.04071 
     0.04318 
     0.07856 
     0.08452 
     0.17308 
     0.16751 
     0.04855 
     0.04831 
     0.05600 
     0.07524 
     0.04144 
     0.02496 
     0.05300 
     0.03966 
     0.02361 
     0.03227 
     0.03876 
     0.05819 
     0.02865 
     0.04361 
     0.07515 
     0.08086 
     0.04472 
     0.05425 
     0.03547 
     0.04104 
     0.05790 
     0.02983 
     0.02296 
     0.03595 
     0.03147 
     0.06504 
     0.07447 
     0.05993 
     0.05726 
     0.03777 
     0.05739 
     0.07257 
     0.03238 
     0.07376 
     0.06433 
     0.04183 
     0.04600 
     0.04242 
     0.04657 
     0.03384 
     0.05839 
     0.04850 
     0.04580 
     0.09466 
     0.05713 
     0.03876 
     0.06055 
     0.05234 
     0.06352 
     0.04600 
     0.05166 
     0.04675 
     0.06398 
     0.06015 
     0.04564 
     0.07347 
     0.06287 
     0.05858 
     0.07221 
     0.05013 
     0.05707 
     0.08020 
     0.03654 
     0.04809 
     0.01954 
     0.09759 
     0.05368 
     0.06644 
     0.06118 
     0.03704 
     0.04544 
     0.07692 
     0.06792 
     0.06869 
     0.08050 
     0.07473 
     0.07788 
     0.08128 
     0.02132 
     0.04893 
     0.06289 
     0.12612 
     0.02819 
     0.03860 
     0.04169 
     0.10286 
     0.06178 
     0.11839 
     0.07519 
     0.06249 
     0.09465 
     0.10044 
     0.01505 
     0.02243 
     0.03677 
     0.11061 
     0.07398 
     0.10089 
     0.06951 
     0.18897 
     0.07609 
     0.09161 
     0.07546 
     0.08702 
     0.11365 
     0.08502 
     0.12095 
     0.09263 
     0.09903 
     0.09973 
     0.15564 
     0.05787 
     0.16474 
     0.18088 
     0.16678 
     0.13330 
     0.19927 
     0.14843 
     0.14318 
     0.11115 
     0.07246 
     0.11685 
     0.14923 
     0.06592 
     0.13755 
     0.09846 
     0.09097 
     0.07187 
     0.12595 
     0.30696 
     0.26717 
     0.12028 
     0.32402 
     0.23837 
     0.17444 
     0.16459 
     0.22885 
     0.29093 
     0.28714 
     0.29805 
     0.25870 
     0.22228 
     0.12148 
     0.05335 
     0.02719 
     0.07897 
     0.04046 
     0.14411 
     0.16490 
     0.15132 
     0.54845 
     0.11858 
     0.17993 
     0.27401 
     0.31529 
     0.31208 
     0.06582 
     0.25060 
     0.27786 
     0.37596 
     0.18833 
     0.23060 
     0.35598 
     0.23308 
     0.36596 
     0.21646 
     0.51133 
     0.47869 
     0.60366 
     0.62596 
     0.67824 
     0.74868 
     0.71537 
     0.48853 
     0.58090 
     0.55829 
     1.36238 
     0.97993 
     1.22987 
     0.91516 
     1.43065 
     0.65249 
     2.64000 
     0.76784 
     3.68307 
     3.65502 
     3.86128 
    15.35062 
    24.96823 
     4.00475 
     8.59476 
     7.11134 
    11.91065 
    12.53824 
    32.79009 
    47.99512 
    21.68811 
    23.93757 
    38.48090 
    30.97128 
    39.71869 
    29.68841 
    22.97160 
    47.79651 
    49.24114 
    36.25554 
   112.66324 
    36.00464 
    86.18336 
    35.41092 
    27.77449 
    54.20420 
    40.74245 
    43.18902 
    31.99981 
    45.08184 
    18.17955 
     7.95604 
    15.04737 
    27.52012 
    18.56057 
    26.32655 
    26.22452 
    14.47188 
    19.63158 
    10.18046 
     7.25747 
    20.41570 
    10.75602 
    15.83619 
    22.35889 
    10.48098 
    22.70040 
    21.64069 
    12.41037 
    18.73583 
    25.02243 
    24.60570 
    16.08193 
   101.89782 
   526.83527 
    71.40474 
    75.93382 
    96.79666 
   126.46982 
   292.65410 
   207.18596 
    93.33867 
   159.26809 
     1.15738 
     3.18670 
    46.45211 
    21.99505 
    55.09488 
     3.86735 
     7.76447 
     4.85352 
     2.66343 
     9.95332 
    10.05396 
    17.78219 
    10.65865 
    27.21290 
    25.76745 
    26.50871 
     4.58989 
    21.95360 
    12.79090 
    13.16114 
    11.02203 
     7.64740 
    20.97144 
    36.50356 
    26.91245 
    25.74946 
     6.96762 
     7.28571 
     9.27170 
     6.98511 
    21.71457 
    19.20082 
     8.42569 
    21.05648 
    84.52435 
    52.41728 
    31.85645 
    30.49223 
    19.06267 
    21.72147 
    25.89385 
     7.10880 
     6.71506 
    18.41726 
     0.58388 
    26.00924 
    18.10420 
     2.96097 
     5.04732 
     3.62500 
    15.67425 
    13.66426 
    10.49124 
    11.68488 
     9.67536 
     8.18690 
     4.29043 
    10.49363 
     4.31352 
     8.70243 
     6.05325 
    17.19495 
     7.11094 
     1.39874 
     4.24223 
     2.99062 
     4.05735 
     1.29296 
     6.69807 
    10.55641 
     9.45135 
    13.44943 
     9.83615 
    13.62230 
    10.54130 
     8.98789 
    18.85320 
    16.67460 
    17.86114 
    23.74086 
     9.56890 
    12.30848 
    47.86443 
    30.97501 
    27.90555 
    61.59947 
   110.89152 
    42.64322 
    52.50690 
    57.74474 
   121.72186 
   161.86821 
   340.11935 
     9.87395 
    10.39944 
     6.76728 
     7.08319 
    10.62306 
     7.68230 
     4.27875 
    12.12539 
     8.27097 
     3.46114 
     4.05623 
    16.46080 
     6.70480 
     6.73741 
     8.88713 
     8.11268 
     8.43253 
     9.36522 
    16.36824 
     9.86335 
    15.18361 
    13.81379 
    20.57404 
    26.34060 
     0.42508 
     0.44551 
     1.36197 
     5.62514 
     7.06195 
     7.67551 
     4.87114 
     6.29815 
     1.74387 
     2.27863 
     1.17246 
     3.30938 
     1.46770 
     0.67543 
     0.66620 
     1.85167 
     1.07306 
     1.43294 
     8.07947 
    12.92019 
    10.72900 
     6.74194 
     0.92262 
     2.20962 
     1.29242 
     0.75978 
     3.05194 
     2.14079 
     3.71320 
     0.41849 
     0.22416 
     0.23952 
     0.17531 
     0.32724 
     0.42209 
     0.34815 
     0.55133 
     0.31588 
     1.05279 
     0.99666 
     0.08401 
     0.17611 
     0.14058 
     0.27193 
     0.20840 
     0.28092 
     0.23309 
     0.28051 
     0.09123 
     0.37183 
     0.45280 
     0.44861 
     0.94353 
     8.77381 
     7.82637 
     9.00775 
     3.82667 
     7.88163 
     6.36267 
    13.09345 
     8.58724 
     7.76174 
     1.19705 
     1.96117 
     1.58312 
     0.85495 
     2.27420 
     2.88313 
     3.15485 
     0.38764 
     0.18343 
     0.19065 
     0.17741 
     0.16072 
     0.18344 
     0.23875 
     0.47528 
     0.27241 
     0.50583 
     0.42333 
     0.20709 
     0.19415 
     0.49663 
     0.71168 
     0.16515 
     0.06355 
     0.19711 
     0.11334 
     0.10554 
     0.18159 
     0.17378 
     0.08730 
     0.04900 
     0.14458 
     0.09222 
     0.04769 
     0.16379 
     0.24812 
     0.17323 
     0.22441 
     0.11066 
     0.32359 
     0.23513 
     0.54892 
     0.92117 
    20.24000 
    11.92274 
    14.84866 
    21.12085 
     1.45245 
     3.64001 
     2.76349 
     2.61830 
     0.38450 
     0.55533 
     0.67358 
     0.78374 
     1.36524 
     0.92998 
     0.45590 
     0.40980 
     0.95353 
     1.54033 
     0.07546 
     0.10917 
     0.07227 
     0.06910 
     0.07579 
     0.08991 
     0.06346 
     0.08338 
     0.07592 
     0.09249 
     0.07092 
     0.08247 
     0.18170 
     0.07516 
     0.14138 
     0.09316 
     0.15184 
     0.12468 
     0.22853 
     0.29063 
     0.13837 
     0.23815 
     0.31242 
     0.17662 
     0.27419 
     0.24320 
     0.24378 
     0.60920 
     0.45007 
     0.50095 
     0.63202 
     0.59620 
     1.00261 
     0.48511 
     2.12237 
     1.08036 
     0.30614 
     0.64553 
     0.94128 
     1.84312 
     0.60357 
     1.00846 
     1.65466 
     4.40990 
     4.26643 
     1.36553 
     4.85040 
     4.43847 
     3.13479 
     7.18912 
     5.76091 
     6.58422 
    13.37633 
     0.05732 
     0.06805 
     0.06474 
     0.08350 
     0.04473 
     0.03850 
     0.15887 
     0.07335 
     0.08911 
     0.05956 
     0.09372 
     0.04047 
     0.05433 
     0.05365 
     0.08571 
     0.08515 
     0.09001 
     0.07311 
     0.03536 
     0.04164 
     0.04936 
     0.04447 
     0.06141 
     0.07806 
     0.07379 
     0.05729 
     0.05336 
     0.10437 
     0.03939 
     0.05584 
     0.05427 
     0.08182 
     0.04215 
     0.07260 
     0.05519 
     0.06200 
     0.07590 
     0.07028 
     0.07798 
     0.06300 
     0.11052 
     0.08237 
     0.12020 
     0.14649 
     0.10264 
     0.11546 
     0.09948 
     0.06284 
     0.07818 
     0.07475 
     0.07697 
     0.12779 
     0.10395 
     0.07263 
     0.03908 
     0.09322 
     0.10785 
     0.09661 
     0.08090 
     0.07771 
     0.12202 
     0.06743 
     0.05020 
     0.08666 
     0.13364 
     4.83921 
     4.92994 
     7.72222 
     8.36111 
     8.58714 
     9.48365 
    13.58813 
    17.19225 
    15.83926 
     6.35520 
     8.40165 
    11.28588 
    17.53612 
     0.00867 
     0.02962 
     4.55530 
     0.01978 
     0.01682 
     1.49215 
     0.42360 
     0.48753 
     0.74018 
     0.46787 
     0.21882 
     0.49537 
     0.54542 
     0.32806 
     0.31373 
     0.13637 
     0.40770 
     0.02344 
     0.05742 
     0.27454 
     0.01682 
     0.27347 
     0.19704 
     0.16974 
     0.03062 
     0.22439 
     0.07879 
     0.03361 
     0.10931 
     0.25712 
     0.11727 
     0.07945 
     0.14234 
     0.05300 
     0.02498 
     0.06232 
     0.04523 
     0.07157 
     0.03104 
     0.06236 
     0.08386 
     0.02738 
     0.04326 
     0.14174 
     0.20054 
     0.05670 
     0.07766 
     0.07099 
     0.08923 
     0.09512 
     0.22937 
     0.14828 
     0.02805 
     0.04698 
     0.04542 
     0.04166 
     0.02371 
     0.05167 
     0.06729 
     0.07165 
     0.15276 
     0.09398 
     0.12220 
     0.03514 
     0.01992 
     0.03592 
     0.03949 
     0.05504 
     0.05913 
     0.03189 
     0.01754 
     0.05310 
     0.02958 
     0.03460 
     0.04852 
     0.04562 
     0.03532 
     0.02060 
     0.07527 
     0.07535 
     0.08817 
     0.09575 
     0.11145 
     0.03505 
     0.09518 
     0.04717 
     0.05512 
     0.04105 
     0.03644 
     0.03940 
     0.09043 
     0.10787 
     0.03662 
     0.04839 
     0.07430 
     0.02141 
     0.01884 
     0.06533 
     0.05478 
     0.02363 
     0.03303 
     0.02654 
     0.06292 
     0.05883 
     0.05149 
     0.03011 
     0.02344 
     0.04625 
     0.05767 
     0.02657 
     0.01965 
     0.03985 
     0.10425 
     0.07576 
     0.05614 
     0.08142 
     0.06576 
     0.06667 
     0.04967 
     0.04753 
     0.04049 
     0.06255 
     0.05488 
     0.05915 
     0.08686 
     0.04439 
     0.08590 
     0.08558 
     0.05750 
     0.04422 
     0.04898 
     0.06935 
     0.06008 
     0.04304 
     0.03401 
     0.03685 
     0.04396 
     0.04058 
     0.04438 
     0.04351 
     0.07639 
     0.04497 
     0.05923 
     0.04982 
     0.07850 
     0.03822 
     0.06394 
     0.03266 
     0.05611 
     0.04526 
     0.04556 
     0.06015 
     0.03643 
     0.07065 
     0.04755 
     0.05406 
     0.04737 
     0.04354 
     0.03473 
     0.04750 
     0.04793 
     0.05239 
     0.05334 
     0.05598 
     0.07968 
     0.07266 
     0.07734 
     0.05954 
     0.03761 
     0.07064 
     0.06626 
     0.05005 
     0.03390 
     0.05820 
     0.03906 
     0.04196 
     0.11677 
     0.04579 
     0.04786 
     0.05372 
     0.06939 
     0.06465 
     0.04366 
     0.05664 
     0.13724 
     0.06109 
     0.05949 
     0.04924 
     0.04628 
     0.05619 
     0.11077 
     0.01192 
     0.04349 
     0.03204 
     0.03823 
     0.04636 
     0.06711 
     0.10419 
     0.02295 
     0.10598 
     0.09890 
     0.07373 
     0.09303 
     0.10318 
     0.05391 
     0.11568 
     0.07159 
     0.08333 
     0.08195 
     0.07602 
     0.09009 
     0.09271 
     0.04800 
     0.07655 
     0.07836 
     0.11417 
     0.12352 
     0.09070 
     0.05356 
     0.08744 
     0.08604 
     0.07759 
     0.15543 
     0.07664 
     0.06889 
     0.13601 
     0.09063 
     0.07257 
     0.08917 
     0.10145 
     0.10507 
   704.45685 
   194.13229 
    88.32727 
   179.13223 
     6.46109 
     3.31791 
     2.75932 
    18.53136 
     7.95570 
    39.21196 
    51.80120 
    32.69681 
    43.51760 
    29.24198 
    39.13256 
    26.83053 
    27.05146 
    25.49819 
     8.96001 
    46.66120 
    89.50007 
    15.30885 
    35.66516 
    24.98668 
    31.59564 
     4.24455 
    13.41487 
    16.18133 
    27.90155 
    16.72094 
     8.11674 
    11.47810 
    30.64884 
    12.17107 
     9.32773 
    20.05274 
    12.39882 
    34.22869 
    22.77269 
    34.00683 
     8.58086 
    29.01703 
    23.76057 
    15.26240 
     8.00631 
    25.47542 
    43.62367 
     7.45691 
    29.60148 
    11.55417 
    12.31523 
    12.61922 
     6.04631 
    16.49546 
    20.89989 
    41.48058 
    18.98203 
     7.86453 
     8.25582 
     8.27016 
    15.09584 
    13.04734 
     9.03389 
     5.86961 
    18.75101 
    27.66146 
     8.56684 
     5.98055 
     6.13990 
    11.75032 
    10.67221 
    13.47366 
     6.29623 
    16.10882 
    17.80595 
    18.67259 
    16.64827 
    20.36748 
    30.52154 
    13.12069 
     5.19683 
     8.07149 
    12.53023 
     8.35482 
     6.83702 
     8.20636 
     9.35388 
    19.77204 
    24.13882 
    14.87778 
     9.29308 
    11.08671 
    13.58018 
    11.31505 
    16.66663 
     8.78289 
     7.35885 
    15.29945 
     4.61628 
    10.46130 
    18.50354 
    18.75459 
     9.89241 
     3.02652 
     2.52930 
     3.75033 
     3.65453 
     2.57741 
     4.79919 
     2.91822 
     4.15815 
    10.35811 
     5.46145 
     4.48433 
     9.62444 
    12.86460 
     3.29540 
    26.11663 
     4.35479 
     3.72683 
     2.33000 
     4.44786 
     4.68264 
     6.51620 
    10.75083 
     1.66297 
     4.25461 
    14.54414 
    10.99452 
     7.85149 
    11.92975 
    38.09062 
    20.79413 
    36.97661 
     9.16628 
    13.89003 
    19.28179 
    12.84806 
    20.41978 
     9.16263 
    19.87126 
    28.62345 
    34.12521 
    29.92976 
    17.84465 
    27.06198 
    19.52634 
    26.20866 
    12.86001 
     4.97523 
     4.06696 
     2.20015 
     4.94184 
     5.72434 
     5.33179 
     6.90914 
     4.08826 
     5.42117 
     4.59650 
     7.39275 
     4.12957 
     6.49123 
     4.43490 
     4.61926 
     3.13271 
    10.98990 
    12.10039 
     9.39087 
     8.32529 
    23.60450 
     3.25119 
     3.22009 
     4.18799 
     5.06327 
     9.96560 
    13.27151 
    28.13967 
     4.45839 
    41.11614 
    17.70071 
    15.01406 
    15.12875 
    11.16883 
     7.82580 
     8.01901 
     5.49061 
    11.87721 
     4.44507 
    14.52599 
     3.76808 
     5.20939 
    13.05661 
     7.59115 
     8.28530 
     6.22427 
     8.26360 
     3.80029 
     7.04959 
    11.25227 
     3.94595 
     2.19878 
     3.89321 
     3.37434 
     3.64922 
     8.08845 
     7.55567 
     6.04699 
     4.02577 
     3.54372 
     2.34317 
     2.50401 
     3.91156 
     4.69508 
     2.51229 
     3.97054 
     2.65693 
     3.18431 
     2.96366 
     3.46509 
     2.36465 
     2.18456 
     2.48628 
     3.80682 
     2.25383 
     2.64905 
     3.08308 
     1.97147 
     4.14601 
     3.06594 
     4.34446 
     4.93932 
     4.23747 
     2.47850 
     6.12546 
     3.44241 
     2.48549 
     4.11058 
     2.26237 
     3.19319 
     1.95362 
     4.72765 
     4.76019 
     3.56975 
     2.78455 
     2.66193 
     4.95858 
     4.94590 
     4.80515 
     4.57657 
     3.79394 
     5.38566 
     4.57923 
     5.13013 
     3.97434 
     3.85217 
     4.33971 
     5.06485 
     4.17487 
     4.22173 
     4.61460 
     3.90376 
     3.95230 
     2.91181 
     3.02472 
     4.34719 
     2.57337 
     3.05361 
     2.07655 
     3.22025 
     4.34686 
     3.20794 
     4.15368 
     2.31176 
     3.20357 
     4.30053 
     3.84305 
     5.04830 
     5.01024 
     4.19816 
     5.87903 
     3.85188 
     4.96333 
     3.75822 
     5.35572 
     5.58325 
     4.44281 
     5.22566 
     5.35200 
     4.20159 
     4.95808 
     5.49111 
     5.48392 
     4.43410 
     4.91488 
     4.24975 
     7.29618 
     5.81186 
     7.09844 
     4.21767 
     6.03773 
     5.80109 
     4.87857 
     5.41376 
     6.48217 
     5.74714 
     4.80074 
     4.92972 
     6.02407 
     5.23367 
     6.25468 
     5.22872 
     6.36794 
     7.91959 
     4.74948 
     5.44918 
     5.04237 
     5.88142 
     3.96403 
     3.94698 
     4.04484 
     4.08538 
     3.60735 
     3.73488 
     4.35488 
     3.21127 
     3.20348 
     3.95947 
     5.50425 
     4.54248 
     4.93890 
     4.52497 
     4.11693 
     4.25460 
     4.65611 
     4.55374 
     4.03898 
     3.60288 
     5.08970 
     5.27578 
     3.93420 
     4.92564 
     4.08450 
     4.87426 
     4.10813 
     4.70989 
     3.86946 
     4.05261 
     6.84577 
     4.07291 
     3.75287 
     4.01533 
     5.39431 
     5.51100 
     6.23806 
     6.62790 
     6.65040 
     3.08110 
     3.96583 
     7.35543 
     3.55130 
     3.84458 
     2.92292 
     2.92911 
     3.12485 
     5.53555 
     4.41927 
     3.12938 
     3.15375 
     3.79638 
     4.31022 
     3.06944 
     2.63717 
     4.13000 
     6.18060 
     7.36680 
     8.21849 
     6.43030 
     5.05699 
     3.68218 
     7.62803 
     6.61438 
     7.06993 
     3.52790 
     5.44549 
     2.73509 
     4.20040 
     4.28026 
     5.15155 
     3.60300 
     4.56578 
     2.03557 
     4.44998 
     6.77981 
     3.70085 
     7.24298 
     9.37897 
     7.62256 
     7.82258 
     9.39829 
     7.14781 
     8.40870 
     8.17745 
     8.19319 
     5.78308 
     6.39281 
     7.54880 
     6.58480 
     7.85850 
     7.10822 
     7.94412 
     7.19862 
     7.13679 
     5.83558 
     9.21792 
     5.13345 
     7.29576 
     4.49059 
     7.71174 
     5.20490 
    11.28425 
     8.87965 
     4.68019 
     4.08983 
     7.64576 
     5.17015 
   668.29015 
   186.35670 
   183.94153 
    38.29524 
     3.92491 
     7.94470 
     6.30604 
    38.82109 
    57.04777 
    66.29667 
    84.46480 
    28.02651 
    21.57855 
    20.00561 
    16.15010 
    40.01064 
    14.31762 
    46.11360 
    16.76783 
    10.50932 
    16.39557 
    26.11025 
    12.42967 
     4.93089 
    15.47967 
     5.43143 
    14.81499 
    20.75923 
    18.75051 
    13.76546 
     6.25388 
     8.65794 
    12.84191 
    10.88256 
     3.20872 
    11.45891 
    22.43238 
     5.66160 
    13.09839 
    22.82123 
    20.55439 
     8.41673 
     8.46812 
    11.62551 
    11.52247 
    14.89527 
     8.98914 
     7.44144 
     8.21671 
    10.65766 
     6.64465 
     9.04463 
     3.72216 
    13.76930 
    11.71316 
    21.85205 
    18.99631 
    11.25693 
    11.37173 
     4.83649 
     3.56865 
     6.38307 
     6.17023 
     7.57771 
     7.26941 
     8.43003 
    18.76400 
     4.82215 
     7.85810 
     4.31475 
     6.48373 
     9.40911 
     5.50981 
     3.21675 
    11.69018 
     8.70957 
     5.42622 
    10.56188 
     7.85815 
     5.69328 
     9.42429 
     5.49935 
    12.30753 
     7.19416 
     3.33581 
     7.19536 
    12.26494 
     9.40494 
     8.29171 
     5.80079 
     9.96005 
    10.76510 
     6.65438 
     9.11700 
    12.57030 
     8.85631 
    12.11059 
     7.20640 
     7.21662 
     4.38872 
    12.01185 
    10.31534 
     4.40618 
    11.19844 
    13.30357 
    13.97878 
     8.64016 
    13.03681 
     8.18859 
    13.71990 
    11.70171 
     9.76622 
    11.23223 
     9.10987 
     4.29904 
     4.81638 
     3.92234 
     3.79595 
     7.65094 
     7.69222 
     8.70263 
     4.15441 
     4.92737 
     4.23675 
     6.30878 
     6.53429 
     6.41199 
     8.42641 
     6.53066 
     9.36032 
     9.88038 
     8.69683 
     7.49041 
     6.54701 
     5.89901 
     6.18777 
     5.63897 
     4.69677 
    10.88496 
     7.80441 
     7.03673 
     6.16198 
     6.39913 
     6.28421 
     6.88507 
     5.69354 
     6.36823 
     6.23781 
     6.75822 
     6.87799 
     7.90050 
     5.27669 
     4.45210 
     5.37120 
     4.88432 
     5.19618 
     7.84381 
     3.35459 
     4.24117 
     5.09918 
     4.49727 
     4.36120 
     5.73050 
     6.52985 
     5.15286 
     7.19076 
     9.38614 
    16.59588 
     7.64307 
     6.35550 
     6.40624 
     6.69377 
     7.77806 
    18.23468 
     5.12083 
     7.39517 
     9.39079 
     5.16841 
     6.44851 
     6.81421 
     7.15227 
     7.80036 
     8.66282 
     5.54356 
    10.56662 
     4.41288 
     8.01041 
     7.85669 
     8.72062 
     6.75929 
     5.33214 
     6.55586 
     5.49177 
     8.97407 
     6.49122 
     6.41927 
    10.75382 
     5.53028 
     5.64021 
     5.64801 
    19.76775 
     8.16839 
     8.26601 
     6.71751 
    11.27549 
    11.61146 
    15.81489 
     9.00885 
     7.89432 
     6.97244 
     9.32368 
     5.79670 
     5.68574 
     5.42646 
    12.42273 
     6.22410 
     4.40720 
     5.24003 
     4.97129 
     4.21965 
     5.92301 
     3.75100 
     4.07616 
     3.46609 
     1.93112 
     4.65913 
     4.97662 
     2.65797 
     4.21747 
     3.50253 
     3.47666 
     2.62812 
     3.98657 
     4.11673 
     3.50312 
     7.33928 
     7.11861 
     3.22211 
     1.71107 
     3.65547 
     5.31370 
     5.66185 
     3.29024 
     3.76496 
     3.86175 
     3.48176 
     4.22945 
     8.65971 
     6.50354 
     3.68386 
     4.56367 
     4.08598 
     3.96862 
     3.93594 
     4.24569 
     5.68976 
     3.99280 
     3.85269 
     3.68760 
     5.39773 
     7.51817 
    14.35331 
    12.74976 
     7.51918 
    30.47703 
    21.54811 
    12.61862 
    10.97982 
     8.21488 
    14.17408 
    19.19258 
    18.46990 
     8.42349 
     3.82949 
     5.30711 
     8.52223 
    14.70572 
     7.00910 
    12.97802 
     5.02603 
     6.77396 
     9.30854 
     4.92198 
     8.58072 
    13.36957 
    17.09869 
     2.36999 
    12.83502 
     3.33823 
   443.06296 
   115.56208 
   140.67693 
    73.47295 
    60.45889 
    68.07894 
    48.94697 
     4.17897 
     2.21567 
     2.69777 
     1.88631 
     2.46679 
     4.76672 
     2.54579 
     3.50733 
     4.17224 
     5.40841 
     6.11169 
     4.63667 
    23.62552 
    62.00370 
    26.41324 
    18.11212 
    18.24892 
    34.80266 
    20.18241 
     7.64405 
    16.98523 
    19.41585 
    10.87833 
    22.90472 
    12.08484 
    15.65070 
    14.35769 
    24.01423 
     6.93897 
    11.64951 
     9.88867 
    10.17600 
    12.37069 
     8.13361 
     6.67970 
     9.12189 
     7.87325 
    11.99913 
     7.33378 
     7.03088 
    16.28357 
     8.42844 
     9.04494 
     6.33273 
     4.67767 
     4.99712 
     5.87606 
     8.11916 
     7.87978 
     8.57428 
     5.70403 
    11.70399 
     9.88873 
     8.54016 
     5.99428 
     3.05388 
     7.04733 
     6.10590 
     6.82670 
     6.18118 
     6.28756 
     7.07919 
     7.62627 
     4.91851 
     4.30975 
     7.46440 
     4.38894 
     4.84937 
     3.00987 
     7.66792 
     3.93539 
     5.24355 
     4.72043 
     7.13757 
     2.99075 
     5.34923 
     8.98703 
     4.45809 
     4.35194 
     4.13996 
     3.37157 
     3.21138 
     4.71611 
     3.24729 
     3.94293 
     5.25087 
     4.19358 
     2.44443 
     5.37531 
     6.17796 
     3.64489 
     2.64209 
     3.85247 
     3.63274 
     3.69856 
     3.63708 
     3.02681 
     6.01439 
     3.55574 
     5.01625 
     2.94215 
     3.58566 
     3.12984 
     2.47678 
     4.76793 
     5.90621 
     2.97177 
     6.15573 
     2.76661 
     4.41948 
     4.89834 
     4.76530 
     4.09570 
     5.29761 
     5.11953 
     3.31155 
     4.75566 
     4.54880 
     4.23413 
     3.66224 
     4.68906 
     5.28241 
     4.40348 
     4.97584 
     5.34346 
     5.45763 
     3.30433 
     3.91938 
     5.49698 
     5.23559 
     4.54929 
     5.10247 
     3.81366 
     4.36905 
     5.11826 
     4.17910 
     4.19592 
     3.90079 
     2.70438 
     4.50606 
     3.91549 
     3.08832 
     3.99699 
     4.26934 
     3.52054 
     4.41475 
     2.01874 
     2.32689 
     4.98376 
     4.62903 
     5.74041 
     2.70333 
     4.00142 
     4.39878 
     4.40189 
     4.62140 
     4.99878 
     5.11528 
     5.20209 
     5.56531 
     3.27378 
     3.67683 
     3.21158 
     4.30871 
     5.37888 
     6.08732 
     3.75481 
     3.97579 
     4.86197 
     3.79281 
     3.57365 
     5.01827 
     4.75339 
     4.33575 
     2.47881 
     4.41461 
     4.69136 
     4.88500 
     5.57734 
     4.48893 
     3.22409 
     5.09492 
     3.63719 
     2.73956 
     3.45443 
     3.33080 
     3.26579 
     4.23107 
     2.99516 
     4.67989 
     5.06440 
     4.66987 
     4.09055 
     6.89114 
     4.96616 
     4.75142 
     5.82873 
     2.93513 
     3.16230 
     5.77836 
     3.81330 
     4.80728 
     2.70633 
     4.50139 
     4.27248 
     5.38136 
     6.03513 
     5.03362 
     5.63167 
     3.39658 
     4.33750 
     7.22936 
     7.24396 
     3.11454 
     3.04930 
     1.34896 
     3.90214 
     1.35809 
     2.39699 
     3.01886 
     3.53400 
     3.00134 
     6.87505 
     6.81558 
     2.88545 
     4.25394 
     1.17927 
     3.00929 
     3.92531 
     4.23480 
     1.73669 
     4.06804 
     5.82129 
     6.36547 
     4.13848 
     6.74204 
     3.17692 
     6.17986 
     5.39059 
     2.36936 
     3.97146 
     3.74467 
     6.91484 
     5.43612 
     1.73401 
     2.76341 
     4.74597 
     2.69202 
     6.45961 
     2.32908 
     6.14339 
     3.36026 
     8.83156 
     8.00816 
     5.69576 
     5.21266 
     3.88553 
     4.46840 
     6.89867 
     3.97715 
     4.39106 
     5.70422 
     4.16482 
     4.47918 
     5.63730 
     5.50782 
     3.78992 
     6.80237 
     3.83792 
     5.15903 
     4.77981 
     7.64105 
     5.41425 
     3.46288 
     8.65837 
     2.85388 
     5.30507 
    62.70654 
    79.98060 
    97.92346 
   153.54478 
    47.96681 
     1.28481 
    21.45488 
    60.47692 
     1.80083 
     3.41911 
     2.55207 
     3.16515 
     1.68286 
     4.19191 
    23.23986 
    27.41473 
    31.32175 
    53.34655 
    21.94270 
    12.82816 
    22.50826 
    14.64856 
    15.71604 
    18.75574 
    25.85627 
    16.33845 
    15.08564 
     2.66744 
     5.35104 
    16.07830 
    10.42613 
    11.11332 
    15.64299 
    10.08846 
    11.46606 
     6.82573 
     1.32390 
     9.74705 
     8.55354 
    11.25226 
     8.96485 
     7.68033 
    12.43151 
     7.35509 
     8.25486 
    18.52306 
     5.95367 
     4.30255 
     6.08612 
    18.03411 
     9.60603 
     8.18248 
     7.17962 
     8.22702 
     3.78776 
     5.88149 
     7.57856 
     2.39544 
     3.09350 
     4.47364 
     6.68104 
     5.67419 
     4.45132 
     5.11090 
    11.41945 
    10.17584 
     4.81345 
     4.70384 
     6.25900 
     5.61780 
     5.98117 
     6.52278 
     2.13615 
     3.18358 
     8.66435 
     3.49048 
     4.58079 
     5.33160 
     5.60916 
     1.18567 
     2.42841 
     5.71538 
     6.83781 
     5.05442 
     1.66437 
     7.78316 
     8.13616 
     3.42384 
     5.40695 
     1.34365 
     6.27695 
     5.40648 
     2.25064 
     4.16390 
     4.45069 
     3.77847 
     3.52058 
     3.22070 
     2.25344 
     2.53725 
     2.20170 
     1.60635 
     5.16226 
     2.44558 
     5.97211 
     2.73884 
     3.53548 
     0.90832 
     1.90434 
     4.95127 
     4.06458 
     4.79777 
     4.88241 
     4.61661 
     5.43756 
     3.47513 
     6.31619 
     2.74680 
     3.61318 
     4.78767 
     3.67927 
     2.20603 
     1.41743 
     2.39768 
     3.63154 
     3.40477 
     3.46635 
     2.22445 
     2.62385 
     2.80833 
     3.85817 
     4.06586 
     4.15332 
     5.24953 
     3.87889 
     4.29014 
     2.57509 
     3.44655 
     3.69165 
     2.79494 
     3.32235 
     4.03848 
     3.02968 
     3.83383 
     3.96245 
     3.85268 
     2.69419 
     4.85049 
     2.20954 
     2.43243 
     0.90442 
     2.82052 
     3.35374 
     3.55543 
     1.78615 
     1.72147 
     2.78668 
     1.65133 
     2.06023 
     2.48516 
     2.00274 
     1.72759 
     2.55061 
     1.81576 
     2.22680 
     1.44492 
     3.16188 
     2.45906 
     3.13568 
     2.38487 
     2.54555 
     2.98735 
     2.41780 
     3.31842 
     3.06633 
     2.14168 
     2.41394 
     2.77205 
     2.64728 
     8.46110 
     2.59658 
     3.53998 
     3.02189 
     3.88955 
     2.81580 
     2.62742 
     2.66946 
     3.15244 
     2.20724 
     5.69773 
     4.77527 
     2.60504 
     6.78866 
     3.02253 
     2.55934 
     3.70681 
     4.32780 
     5.64478 
     4.45548 
     3.94887 
     5.14198 
     2.30269 
     5.30842 
     6.29181 
     8.09215 
     5.96533 
     5.31877 
     4.39272 
     3.89101 
     4.34676 
     4.37255 
     3.96613 
     3.67254 
     4.13891 
     3.96106 
     4.87974 
     5.52858 
     4.54151 
     4.96202 
     6.00322 
     3.21341 
     4.60040 
     3.42031 
     2.82375 
     3.27753 
     3.91209 
     4.65359 
     4.58476 
     4.36211 
     4.33176 
     4.44579 
     4.39375 
     4.52558 
     5.86659 
     8.73614 
    54.95153 
    22.89089 
     9.94841 
    11.16539 
     1.63263 
     2.16645 
     1.78026 
     1.10710 
     3.15014 
     2.55246 
     1.84909 
     2.18207 
     1.97221 
     3.46096 
     4.27867 
     4.90128 
     5.85818 
     8.91388 
    14.43329 
    14.05896 
     5.44541 
     5.35796 
     3.21736 
     5.79535 
     6.50009 
     8.15327 
    20.46806 
    24.33252 
     5.70729 
     6.43710 
     6.17701 
     6.27650 
    31.15686 
    26.13268 
     8.35361 
    11.72227 
    11.56648 
    61.95621 
     7.70515 
    26.67312 
     8.26459 
     5.80351 
     4.82168 
     5.78271 
     9.81470 
     9.16959 
     9.66386 
   311.92087 
    11.02745 
    10.40272 
    14.85031 
    19.32129 
     7.20643 
   141.98710 
    72.18545 
    65.56682 
    15.57243 
    27.84646 
     6.69064 
    12.90728 
    17.88901 
     8.07818 
     8.45295 
    15.12058 
    15.66304 
    31.29761 
     9.19895 
    15.40064 
     5.73928 
    11.27540 
     6.93508 
     6.49063 
     5.80643 
     8.04847 
     7.36912 
     6.75654 
    10.89254 
     9.87439 
     8.71447 
     7.24149 
     5.61461 
     5.91536 
     7.07061 
     6.33772 
     4.61229 
     6.81286 
     6.11419 
     6.22599 
     6.03744 
    10.65913 
     6.28938 
     8.92342 
     8.64144 
     9.92130 
     7.59440 
    13.19162 
     8.15669 
    14.84722 
    24.11266 
     6.59971 
    13.79535 
     7.32439 
    12.91728 
    13.36101 
    11.70709 
     8.91148 
    14.75606 
    12.20940 
    37.38761 
   158.83597 
    29.42243 
     7.97188 
     4.79851 
     5.90784 
     7.38451 
    18.46328 
     7.32073 
     9.15938 
    39.24709 
    19.82341 
     9.18227 
    11.76631 
    16.87058 
    12.29308 
     9.58093 
    14.50643 
     8.57910 
     7.16432 
     4.38667 
    11.73570 
    13.24980 
     4.14566 
     4.74955 
    14.90315 
    13.08737 
     9.06205 
    31.49967 
    15.62853 
    28.23169 
    11.99789 
     9.38018 
    18.19737 
    21.64663 
    10.65719 
    17.53360 
     7.60400 
     9.77249 
     5.46816 
     8.92988 
     4.16923 
     6.12830 
     4.09198 
     7.24529 
     6.57512 
     7.03414 
     8.95738 
     7.35110 
     6.09905 
     4.83401 
    12.31725 
    98.89144 
    34.95591 
    32.45759 
    12.50993 
    18.45833 
     9.11428 
     9.69138 
    14.75361 
     6.11248 
     2.97722 
     8.84358 
    97.64368 
    51.92245 
    16.45898 
    22.97235 
    12.99419 
     7.34215 
    11.00357 
     5.74105 
     6.20831 
    25.67321 
     8.79057 
     6.69285 
     8.51974 
     7.87297 
     7.82265 
     4.15405 
    10.59594 
    23.83852 
    10.83714 
    24.29397 
    26.27580 
     9.00688 
     2.42440 
     6.72389 
     4.90943 
     3.60127 
     4.94283 
     5.19799 
     3.31153 
     4.42833 
     6.13736 
     6.09171 
     7.63374 
     7.55148 
     9.05211 
     7.23669 
     7.70792 
     7.24022 
     4.65166 
     6.40067 
     5.26167 
     4.33475 
     6.72475 
     4.61082 
     6.08992 
     1.84365 
     4.50689 
     5.38437 
     7.96788 
     4.88979 
     8.23799 
     8.73300 
     7.25618 
     8.79993 
     7.74497 
     3.33700 
    11.04664 
    10.24947 
     3.65330 
     4.97385 
     4.56243 
     4.39309 
     4.74495 
     4.78635 
     4.49456 
     5.20344 
     4.71609 
     4.67165 
     4.25582 
     4.94625 
     5.00657 
     5.01998 
     3.95893 
     2.86250 
     3.19894 
     4.73173 
    13.52384 
     4.42764 
    13.35096 
     4.93710 
     1.69781 
    13.49469 
     4.25535 
     2.24794 
     5.47151 
    10.55468 
    15.60416 
     4.02940 
     6.12591 
     4.63776 
     5.49281 
     5.59131 
     4.43501 
     4.23122 
     4.74084 
     4.41596 
     3.15988 
     5.72739 
     5.20158 
     5.65678 
     4.25539 
     5.27594 
     5.39504 
     4.22350 
     8.07200 
     4.01458 
     5.77046 
     5.18537 
     3.85593 
     4.42659 
     8.89349 
     5.36997 
     9.34312 
    11.41786 
     4.71714 
     7.06091 
     6.56110 
     4.51458 
     2.76157 
     6.00976 
     2.91760 
     2.82692 
     6.93473 
     7.48197 
     2.55031 
     7.06582 
     5.36442 
     4.47176 
     0.94753 
     4.58670 
     5.64600 
     8.24930 
     4.20673 
     7.25740 
     5.01639 
     5.52659 
     3.78638 
     5.44268 
     6.22495 
     5.00808 
     5.47696 
     6.74757 
     4.45732 
     7.87132 
     3.86291 
     4.22387 
     4.53877 
     6.62588 
     8.03227 
     7.20883 
     5.91163 
     4.53042 
     4.38635 
     3.84235 
     7.21012 
     5.01161 
     6.00023 
    23.76752 
    12.17753 
    12.07828 
     9.52272 
    14.71896 
     8.93201 
    14.82502 
     5.59619 
     8.10507 
    16.44236 
    14.10984 
    33.77524 
    18.34122 
    18.59562 
     8.45262 
     9.89762 
    19.86533 
     7.77733 
     7.84396 
     9.67621 
    10.55091 
     7.01121 
    10.71398 
     7.11283 
     9.63538 
    21.25877 
     5.85382 
     4.88011 
     4.22206 
     3.81685 
     3.44581 
     6.98121 
     4.07271 
     5.68196 
     4.46530 
     6.44242 
     7.47143 
     6.69827 
     4.68677 
     5.23159 
    12.69432 
     8.33518 
     9.86571 
    15.23599 
    12.27210 
    11.43518 
     7.89528 
     7.60645 
     8.75838 
     9.47741 
    11.86490 
    10.48351 
    12.68328 
     7.28301 
     8.11847 
     1.37216 
     3.71403 
     6.73120 
     2.64090 
     9.28556 
     5.36538 
     5.07246 
     3.06755 
     4.20201 
     1.95882 
     3.89252 
     5.90716 
     2.82982 
     2.54799 
     6.19350 
     5.01627 
     3.70436 
     2.84845 
     6.81702 
     6.69586 
     3.51656 
     2.54695 
     4.12163 
     3.80025 
     4.16111 
     5.95484 
     4.63659 
     1.71629 
     2.73110 
     2.12019 
     3.27934 
     3.52258 
     1.60384 
     3.93574 
     6.63262 
     3.00329 
     8.14496 
     8.96476 
     6.40278 
     4.54365 
     7.52701 
     9.86752 
     8.46464 
     6.42217 
     5.62731 
     5.37755 
     8.53793 
     6.41165 
     2.00642 
     3.81271 
     8.69122 
     9.17392 
     6.00172 
     8.66785 
     4.50531 
     7.23715 
     5.54480 
     4.91629 
     3.54325 
     5.31483 
     4.13572 
     5.12876 
     0.95397 
     1.24316 
     6.84148 
     5.54696 
     5.70993 
     8.53410 
     6.45889 
     4.42763 
     4.27833 
     2.95991 
     7.65388 
   381.59598 
   131.25400 
   173.99096 
   228.15444 
    73.32307 
    62.84967 
   108.46821 
    11.66974 
    11.20772 
    13.40578 
    15.08959 
    16.71624 
    37.01483 
    24.26317 
    62.15876 
    92.01564 
    47.25051 
    51.07369 
    32.73086 
    32.59753 
    30.31430 
    25.02871 
    39.88039 
    21.23385 
     7.61949 
     9.55740 
    26.27957 
    27.44887 
    16.68599 
    19.13991 
    23.09801 
    24.28136 
    24.61408 
    12.94375 
    15.43220 
    11.99222 
    15.97737 
    12.76230 
    17.90814 
    20.96409 
    26.95765 
     9.20838 
    11.87881 
    17.12687 
     9.13099 
    12.75152 
     7.18156 
    36.31945 
    29.85373 
    24.56258 
     9.05848 
     5.53111 
     6.99799 
    19.88059 
    12.91003 
    16.23587 
     8.86937 
     9.58243 
    12.03257 
    11.26053 
    14.78656 
     6.97793 
    10.33110 
    16.87140 
    14.70145 
    10.94893 
     8.63899 
     5.11378 
     7.79165 
    12.02763 
    10.35777 
     8.81433 
     1.79670 
     2.84777 
     8.06191 
     7.88012 
     5.73566 
     6.61840 
     8.27508 
    13.21484 
     6.60941 
    13.54365 
     7.25644 
     5.63491 
     7.54119 
     6.59378 
     3.32677 
     6.29569 
     9.59860 
   181.75616 
   367.25133 
   119.76789 
    64.20547 
    37.11385 
    22.71757 
    31.68706 
    35.59504 
    44.96206 
    51.57103 
    24.75203 
    16.71759 
    18.05249 
    12.14778 
   144.54666 
    13.33990 
     8.83967 
     9.64219 
     6.82773 
     2.53141 
     2.84223 
     2.38300 
     2.08341 
     2.53942 
     1.98529 
     2.59471 
     3.00168 
     2.86419 
     3.15866 
     7.19095 
     5.28455 
     5.21928 
     4.42406 
     3.94619 
     4.03085 
     3.44768 
     3.57329 
     3.50184 
     4.10050 
     5.32998 
     7.45662 
    10.13903 
     3.34518 
    14.57329 
     1.41645 
     3.07872 
     2.18538 
     2.73225 
    20.19373 
     2.95778 
    27.53421 
     3.00127 
     3.59099 
     2.65439 
     2.72171 
     3.63594 
     3.98162 
     5.96009 
     6.04103 
     7.25118 
     7.66773 
    11.52646 
    11.66466 
    15.36634 
    15.97296 
    20.12229 
     3.85360 
    24.81904 
    22.68932 
    20.06740 
    43.75082 
    30.78341 
    80.34893 
    56.65929 
     7.52090 
     1.97068 
     3.29660 
     4.10454 
     4.88350 
     3.62696 
     5.40925 
     2.15048 
     5.22914 
     3.41274 
     4.24473 
     5.37922 
     5.03919 
     7.73010 
     9.41130 
    10.62455 
     8.11300 
    14.58236 
    13.93243 
    18.43128 
    17.87543 
     9.53214 
     8.70091 
    22.83937 
    22.37505 
    31.29336 
    29.29634 
    17.33362 
     6.17011 
     6.27062 
     5.22144 
     5.85061 
    11.52549 
     7.31578 
    17.07849 
    17.32365 
    12.15650 
    25.74007 
    10.52485 
     6.85343 
    15.99746 
    11.99366 
    14.81642 
    13.47791 
     7.80233 
    13.30951 
     8.52343 
    11.06118 
     9.69334 
     9.25968 
     6.83168 
     6.07463 
     8.55644 
     9.82375 
     6.54946 
    11.53724 
     7.80765 
     9.60097 
     8.49294 
    10.70089 
     9.80449 
     7.25472 
     2.40980 
     8.76793 
     7.41630 
     6.29149 
     2.09055 
     1.61812 
     2.42905 
     3.34727 
     2.00121 
     1.42431 
     2.22244 
     3.59117 
     6.23308 
     1.67941 
     1.61546 
     1.84704 
     1.57592 
     2.86535 
     7.83262 
     5.65374 
     3.48882 
     3.44568 
     3.20144 
     5.23496 
     2.04922 
     1.89720 
     5.36926 
     8.37507 
     5.47749 
     5.75217 
     2.41260 
     2.04101 
     5.35101 
     2.64325 
     3.73092 
     4.56375 
     3.30333 
     7.89468 
     5.53003 
     4.91200 
     5.04300 
     8.82675 
     7.03765 
     4.82469 
     5.53892 
     5.74827 
     7.36402 
     8.82860 
     7.68781 
     7.41554 
     6.07633 
     7.50776 
     8.63255 
     8.30001 
     5.32703 
     7.81559 
     6.80559 
     2.55446 
     9.48262 
     3.53262 
     5.90080 
    12.47773 
     8.90133 
    10.77596 
     8.80151 
     6.14568 
    11.00984 
    10.22836 
     8.80903 
     8.16209 
     7.38146 
    11.47262 
     9.62787 
     7.81749 
     4.98118 
     6.65593 
     6.41003 
     6.68976 
     2.75674 
     6.64059 
     4.56932 
     2.91809 
    28.29586 
    19.44445 
     4.70996 
    11.93284 
     1.68265 
     2.88459 
     2.50994 
     2.10743 
     1.97356 
     2.11345 
     2.38668 
     4.01629 
     5.11630 
     5.94912 
     4.82323 
     5.26785 
     0.98662 
     3.14404 
     1.24662 
     1.97224 
     2.97663 
     1.55928 
     2.32130 
     2.26129 
     2.46530 
     2.50525 
     2.49033 
     2.47626 
     3.51957 
     2.71502 
     1.33953 
     3.95488 
     2.89071 
     2.85943 
     2.70559 
     3.16896 
     4.15784 
     2.45341 
     4.25434 
     3.20957 
     4.41689 
     2.95137 
     5.77013 
     1.97303 
     3.40892 
     5.76378 
     6.73755 
     4.86112 
     5.27993 
     3.83442 
     4.58216 
     4.55119 
     4.19072 
     4.41835 
     4.13278 
     3.27404 
     8.11819 
     6.15045 
    58.33185 
     8.52806 
     3.09066 
     5.01613 
     6.17062 
     4.88455 
    26.61916 
    19.67316 
    13.88455 
     8.68028 
     7.69610 
     8.13848 
     6.98628 
     6.23914 
     3.97849 
     7.94574 
     7.63344 
