   167.10313 
    53.01943 
    28.54943 
    52.21437 
    25.96945 
    14.35030 
     7.49155 
    20.44762 
     5.34620 
    11.76009 
    10.91178 
    17.27607 
    10.75870 
    24.06960 
    20.94054 
    44.98134 
    43.44727 
    12.53954 
   106.20869 
    15.75417 
    26.16980 
    65.75478 
     2.67580 
     5.50919 
     6.35872 
     6.92880 
     6.90478 
    17.60101 
     8.46871 
    11.73693 
     4.55199 
     4.82432 
    11.15996 
    14.44993 
    18.39008 
    13.05539 
    20.44817 
    14.80410 
    25.68119 
    40.24071 
    16.61350 
    23.82342 
    23.94274 
    40.62781 
    33.04533 
    19.35007 
    17.71845 
    22.37061 
    28.31635 
    26.07093 
    16.11084 
    24.51952 
    11.12101 
    87.77632 
    16.49738 
     9.57931 
   121.95992 
    69.69356 
     7.43040 
   223.95335 
    15.99336 
    37.49217 
    17.86651 
    14.35911 
     1.65780 
    16.49868 
    12.40768 
    11.64790 
    10.67492 
    60.32760 
    27.84565 
     6.46804 
     5.23930 
     9.01741 
     6.64206 
    10.15648 
     7.95341 
     2.03959 
    16.89794 
     5.64263 
    26.97169 
     9.08293 
    14.56303 
    34.63550 
    36.81995 
    33.31954 
    34.66625 
    54.81155 
    61.95027 
    25.43894 
    38.97111 
    36.84055 
    26.43168 
    29.65985 
   157.70861 
    70.45235 
    44.30038 
    24.86756 
    21.93359 
    10.11967 
    35.81001 
    16.88611 
    40.07318 
    10.37382 
    18.85517 
    13.53694 
    11.85669 
    40.69512 
   151.02554 
    41.36567 
    35.95762 
    26.61094 
    39.83540 
    50.55817 
    31.49850 
   101.55508 
    68.45736 
    50.76535 
    66.33775 
    52.80553 
    16.43260 
    24.74337 
     1.91652 
    17.76650 
    23.76726 
    26.26664 
     7.59141 
     7.53365 
    16.23449 
     4.71567 
     8.22710 
    27.78615 
    41.55659 
    37.71569 
    30.89448 
    22.66437 
    36.80386 
    49.71472 
    44.82819 
    22.10757 
    68.24970 
    17.21301 
    17.00676 
    24.22224 
    36.57835 
    19.14164 
    43.26920 
    70.13375 
    78.63915 
   155.04138 
    61.88559 
    16.45534 
   165.38921 
